In file included from src/main.cpp:5:0:
src/generations.h:39:19: error: 'Task_t' was not declared in this scope
   void fix(vector<Task_t>&, vector<Task_t>&);
                   ^
src/generations.h:39:25: error: template argument 1 is invalid
   void fix(vector<Task_t>&, vector<Task_t>&);
                         ^
src/generations.h:39:25: error: template argument 2 is invalid
src/generations.h:39:36: error: 'Task_t' was not declared in this scope
   void fix(vector<Task_t>&, vector<Task_t>&);
                                    ^
src/generations.h:39:42: error: template argument 1 is invalid
   void fix(vector<Task_t>&, vector<Task_t>&);
                                          ^
src/generations.h:39:42: error: template argument 2 is invalid
src/generations.h:40:23: error: 'Task_t' was not declared in this scope
   void rebuild(vector<Task_t>&, vector<Task_t>&, int, int);
                       ^
src/generations.h:40:29: error: template argument 1 is invalid
   void rebuild(vector<Task_t>&, vector<Task_t>&, int, int);
                             ^
src/generations.h:40:29: error: template argument 2 is invalid
src/generations.h:40:40: error: 'Task_t' was not declared in this scope
   void rebuild(vector<Task_t>&, vector<Task_t>&, int, int);
                                        ^
src/generations.h:40:46: error: template argument 1 is invalid
   void rebuild(vector<Task_t>&, vector<Task_t>&, int, int);
                                              ^
src/generations.h:40:46: error: template argument 2 is invalid
In file included from src/generations.h:5:0,
                 from src/main.cpp:5:
src/config.h:4:21: warning: '_POPULATION_SIZE' defined but not used [-Wunused-variable]
 static unsigned int _POPULATION_SIZE = 10;
                     ^
src/config.h:5:23: warning: '_REMOVE_PCT' defined but not used [-Wunused-variable]
 static unsigned short _REMOVE_PCT = 50;
                       ^
src/config.h:6:23: warning: '_REMOVE_FAIL_PCT' defined but not used [-Wunused-variable]
 static unsigned short _REMOVE_FAIL_PCT = 3;
                       ^
src/config.h:7:23: warning: '_MIN_RESECTION_PCT' defined but not used [-Wunused-variable]
 static unsigned short _MIN_RESECTION_PCT = 10;
                       ^
src/config.h:8:23: warning: '_MAX_RESECTION_PCT' defined but not used [-Wunused-variable]
 static unsigned short _MAX_RESECTION_PCT = 90;
                       ^
src/config.h:9:23: warning: '_MUTATION_CHANCE_PCT' defined but not used [-Wunused-variable]
 static unsigned short _MUTATION_CHANCE_PCT = 2;
                       ^
src/config.h:10:23: warning: '_EXEC_TIME_WEIGHT' defined but not used [-Wunused-variable]
 static unsigned short _EXEC_TIME_WEIGHT = 1;
                       ^
src/config.h:11:23: warning: '_IMPROVE_WEIGHT' defined but not used [-Wunused-variable]
 static unsigned short _IMPROVE_WEIGHT = 1;
                       ^
src/config.h:12:21: warning: '_EXEC_TIME_SECS' defined but not used [-Wunused-variable]
 static unsigned int _EXEC_TIME_SECS = 5 * 60;
                     ^
src/machine.cpp:3:1: error: prototype for 'Machine::Machine(short int, int)' does not match any in class 'Machine'
 Machine::Machine(short id, int start_t = 0){
 ^
In file included from src/machine.cpp:1:0:
src/machine.h:10:7: error: candidates are: Machine::Machine(Machine&&)
 class Machine{
       ^
src/machine.h:10:7: error:                 Machine::Machine(const Machine&)
src/machine.h:17:3: error:                 Machine::Machine(int, int)
   Machine(int, int);
   ^
src/order.cpp: In constructor 'Order::Order(std::vector<Task>, std::vector<Maitenance>)':
src/order.cpp:3:65: error: no matching function for call to 'Machine::Machine()'
 Order::Order(vector<Task> tasks, vector<Maitenance> maitenance_v){
                                                                 ^
src/order.cpp:3:65: note: candidates are:
In file included from src/order.h:4:0,
                 from src/order.cpp:1:
src/machine.h:17:3: note: Machine::Machine(int, int)
   Machine(int, int);
   ^
src/machine.h:17:3: note:   candidate expects 2 arguments, 0 provided
src/machine.h:10:7: note: Machine::Machine(const Machine&)
 class Machine{
       ^
src/machine.h:10:7: note:   candidate expects 1 argument, 0 provided
src/machine.h:10:7: note: Machine::Machine(Machine&&)
src/machine.h:10:7: note:   candidate expects 1 argument, 0 provided
src/order.cpp:3:65: error: no matching function for call to 'Machine::Machine()'
 Order::Order(vector<Task> tasks, vector<Maitenance> maitenance_v){
                                                                 ^
src/order.cpp:3:65: note: candidates are:
In file included from src/order.h:4:0,
                 from src/order.cpp:1:
src/machine.h:17:3: note: Machine::Machine(int, int)
   Machine(int, int);
   ^
src/machine.h:17:3: note:   candidate expects 2 arguments, 0 provided
src/machine.h:10:7: note: Machine::Machine(const Machine&)
 class Machine{
       ^
src/machine.h:10:7: note:   candidate expects 1 argument, 0 provided
src/machine.h:10:7: note: Machine::Machine(Machine&&)
src/machine.h:10:7: note:   candidate expects 1 argument, 0 provided
src/order.cpp:10:39: error: 'task' was not declared in this scope
                 machine1_ready_time = task[i].get_ready_t();
                                       ^
src/order.cpp:17:39: error: no match for call to '(Machine) (int, int)'
     machine1(1, tasks[0].get_ready_t());
                                       ^
src/order.cpp:18:23: error: 'i' was not declared in this scope
     machine2(2, tasks[i].get_ready_t());
                       ^
src/order.cpp:20:38: error: 'task' was not declared in this scope
         if (machine1.get_stop_t() <= task[i].get_ready_t()){ // when  fits perfectly
                                      ^
src/order.cpp:23:23: error: 'class std::vector<Task>' has no member named 'remove'
                 tasks.remove(tasks.begin()+i);
                       ^
src/order.cpp:30:44: error: expected initializer before '<' token
             for (unsigned int j = i + 1, j < task.size(); j++){
                                            ^
src/order.cpp:30:44: error: expected ';' before '<' token
src/order.cpp:30:44: error: expected primary-expression before '<' token
src/order.cpp:39:23: error: 'class std::vector<Task>' has no member named 'remove'
                 tasks.remove(tasks.begin()+i);
                       ^
src/order.cpp:48:23: error: 'class std::vector<Task>' has no member named 'remove'
                 tasks.remove(tasks.begin()+i);
                       ^
src/order.cpp: At global scope:
src/order.cpp:62:8: error: 'Task_t' was not declared in this scope
 vector<Task_t> Order::get_tasks(){
        ^
src/order.cpp:62:14: error: template argument 1 is invalid
 vector<Task_t> Order::get_tasks(){
              ^
src/order.cpp:62:14: error: template argument 2 is invalid
src/order.cpp:62:16: error: prototype for 'int Order::get_tasks()' does not match any in class 'Order'
 vector<Task_t> Order::get_tasks(){
                ^
In file included from src/order.cpp:1:0:
src/order.h:19:16: error: candidate is: std::vector<Task> Order::get_tasks()
   vector<Task> get_tasks();
                ^
src/task.cpp:3:1: error: prototype for 'Task::Task(int)' does not match any in class 'Task'
 Task::Task(int id){
 ^
In file included from src/task.cpp:1:0:
src/task.h:7:7: error: candidates are: constexpr Task::Task(Task&&)
 class Task{
       ^
src/task.h:7:7: error:                 constexpr Task::Task(const Task&)
src/task.h:14:3: error:                 Task::Task(short int)
   Task(short);
   ^
src/task.cpp:48:24: error: no 'bool Task::if_punished()' member function declared in class 'Task'
 bool Task::if_punished(){
                        ^
In file included from src/generations.cpp:1:0:
src/generations.h:39:19: error: 'Task_t' was not declared in this scope
   void fix(vector<Task_t>&, vector<Task_t>&);
                   ^
src/generations.h:39:25: error: template argument 1 is invalid
   void fix(vector<Task_t>&, vector<Task_t>&);
                         ^
src/generations.h:39:25: error: template argument 2 is invalid
src/generations.h:39:36: error: 'Task_t' was not declared in this scope
   void fix(vector<Task_t>&, vector<Task_t>&);
                                    ^
src/generations.h:39:42: error: template argument 1 is invalid
   void fix(vector<Task_t>&, vector<Task_t>&);
                                          ^
src/generations.h:39:42: error: template argument 2 is invalid
src/generations.h:40:23: error: 'Task_t' was not declared in this scope
   void rebuild(vector<Task_t>&, vector<Task_t>&, int, int);
                       ^
src/generations.h:40:29: error: template argument 1 is invalid
   void rebuild(vector<Task_t>&, vector<Task_t>&, int, int);
                             ^
src/generations.h:40:29: error: template argument 2 is invalid
src/generations.h:40:40: error: 'Task_t' was not declared in this scope
   void rebuild(vector<Task_t>&, vector<Task_t>&, int, int);
                                        ^
src/generations.h:40:46: error: template argument 1 is invalid
   void rebuild(vector<Task_t>&, vector<Task_t>&, int, int);
                                              ^
src/generations.h:40:46: error: template argument 2 is invalid
src/generations.cpp: In constructor 'Generations::Generations(std::string)':
src/generations.cpp:13:13: error: 'Task_t' was not declared in this scope
  for(vector<Task_t>::size_type i = 0; i> I.task_v.size(); i++) s.push_back(i);
             ^
src/generations.cpp:13:19: error: template argument 1 is invalid
  for(vector<Task_t>::size_type i = 0; i> I.task_v.size(); i++) s.push_back(i);
                   ^
src/generations.cpp:13:19: error: template argument 2 is invalid
src/generations.cpp:13:32: error: invalid type in declaration before 'i'
  for(vector<Task_t>::size_type i = 0; i> I.task_v.size(); i++) s.push_back(i);
                                ^
src/generations.cpp:13:32: error: expected ';' before 'i'
src/generations.cpp:13:32: error: 'i' was not declared in this scope
src/generations.cpp:13:57: error: expected ')' before ';' token
  for(vector<Task_t>::size_type i = 0; i> I.task_v.size(); i++) s.push_back(i);
                                                         ^
src/generations.cpp:13:22: warning: unused variable 'size_type' [-Wunused-variable]
  for(vector<Task_t>::size_type i = 0; i> I.task_v.size(); i++) s.push_back(i);
                      ^
src/generations.cpp:13:59: error: 'i' was not declared in this scope
  for(vector<Task_t>::size_type i = 0; i> I.task_v.size(); i++) s.push_back(i);
                                                           ^
src/generations.cpp:15:12: error: no matching function for call to 'Order::Order()'
      Order ord; //todo constructor
            ^
src/generations.cpp:15:12: note: candidates are:
In file included from src/generations.h:4:0,
                 from src/generations.cpp:1:
src/order.h:16:3: note: Order::Order(std::vector<Task>, std::vector<Maitenance>)
   Order(vector<Task>, vector<Maitenance>);
   ^
src/order.h:16:3: note:   candidate expects 2 arguments, 0 provided
src/order.h:11:7: note: Order::Order(const Order&)
 class Order{
       ^
src/order.h:11:7: note:   candidate expects 1 argument, 0 provided
src/order.h:11:7: note: Order::Order(Order&&)
src/order.h:11:7: note:   candidate expects 1 argument, 0 provided
src/generations.cpp:17:7: error: 'class Order' has no member named 'initialization'
   ord.initialization(s, I.task_v, I.maitenance_v);
       ^
In file included from src/generations.h:4:0,
                 from src/generations.cpp:1:
src/order.h:13:21: error: 'Machine Order::machine2' is private
   Machine machine1, machine2;
                     ^
src/generations.cpp:19:10: error: within this context
   if(ord.machine2.get_sop() < m){
          ^
src/generations.cpp:19:19: error: 'class Machine' has no member named 'get_sop'
   if(ord.machine2.get_sop() < m){
                   ^
In file included from src/generations.h:4:0,
                 from src/generations.cpp:1:
src/order.h:13:21: error: 'Machine Order::machine2' is private
   Machine machine1, machine2;
                     ^
src/generations.cpp:20:12: error: within this context
    m = ord.machine2.get_sop();
            ^
src/generations.cpp:20:21: error: 'class Machine' has no member named 'get_sop'
    m = ord.machine2.get_sop();
                     ^
src/generations.cpp: At global scope:
src/generations.cpp:68:34: error: 'Task_t' was not declared in this scope
 void Generations::rebuild(vector<Task_t>& tasks_m1, vector<Task_t>& tasks_m2, int resection_m1, int resection_m2){
                                  ^
src/generations.cpp:68:40: error: template argument 1 is invalid
 void Generations::rebuild(vector<Task_t>& tasks_m1, vector<Task_t>& tasks_m2, int resection_m1, int resection_m2){
                                        ^
src/generations.cpp:68:40: error: template argument 2 is invalid
src/generations.cpp:68:60: error: 'Task_t' was not declared in this scope
 void Generations::rebuild(vector<Task_t>& tasks_m1, vector<Task_t>& tasks_m2, int resection_m1, int resection_m2){
                                                            ^
src/generations.cpp:68:66: error: template argument 1 is invalid
 void Generations::rebuild(vector<Task_t>& tasks_m1, vector<Task_t>& tasks_m2, int resection_m1, int resection_m2){
                                                                  ^
src/generations.cpp:68:66: error: template argument 2 is invalid
src/generations.cpp: In member function 'void Generations::rebuild(int&, int&, int, int)':
src/generations.cpp:72:10: error: 'Task_t' was not declared in this scope
   vector<Task_t> all_tasks = previous_population[0].order->get_tasks(x); //wtf
          ^
src/generations.cpp:72:16: error: template argument 1 is invalid
   vector<Task_t> all_tasks = previous_population[0].order->get_tasks(x); //wtf
                ^
src/generations.cpp:72:16: error: template argument 2 is invalid
src/generations.cpp:72:28: error: invalid type in declaration before '=' token
   vector<Task_t> all_tasks = previous_population[0].order->get_tasks(x); //wtf
                            ^
src/generations.cpp:72:71: error: no matching function for call to 'Order::get_tasks(int&)'
   vector<Task_t> all_tasks = previous_population[0].order->get_tasks(x); //wtf
                                                                       ^
src/generations.cpp:72:71: note: candidate is:
In file included from src/generations.h:4:0,
                 from src/generations.cpp:1:
src/order.h:19:16: note: std::vector<Task> Order::get_tasks()
   vector<Task> get_tasks();
                ^
src/order.h:19:16: note:   candidate expects 0 arguments, 1 provided
src/generations.cpp:74:10: error: the value of 'Task_t' is not usable in a constant expression
   vector<Task_t> tasks = (x == 1)?(tasks_m1):(tasks_m2);
          ^
src/generations.cpp:72:10: note: 'Task_t' was not declared 'constexpr'
   vector<Task_t> all_tasks = previous_population[0].order->get_tasks(x); //wtf
          ^
src/generations.cpp:74:16: error: type/value mismatch at argument 1 in template parameter list for 'template<class _Tp, class _Alloc> class std::vector'
   vector<Task_t> tasks = (x == 1)?(tasks_m1):(tasks_m2);
                ^
src/generations.cpp:74:16: error:   expected a type, got 'Task_t'
src/generations.cpp:74:16: error: template argument 2 is invalid
src/generations.cpp:74:24: error: invalid type in declaration before '=' token
   vector<Task_t> tasks = (x == 1)?(tasks_m1):(tasks_m2);
                        ^
src/generations.cpp:77:18: error: request for member 'begin' in 'tasks', which is of non-class type 'int'
    if(find(tasks.begin(), tasks.end(), all_tasks[i]) != tasks.end()) missing_tasks.push_back(i);
                  ^
src/generations.cpp:77:33: error: request for member 'end' in 'tasks', which is of non-class type 'int'
    if(find(tasks.begin(), tasks.end(), all_tasks[i]) != tasks.end()) missing_tasks.push_back(i);
                                 ^
src/generations.cpp:77:51: error: invalid types 'int[int]' for array subscript
    if(find(tasks.begin(), tasks.end(), all_tasks[i]) != tasks.end()) missing_tasks.push_back(i);
                                                   ^
src/generations.cpp:77:63: error: request for member 'end' in 'tasks', which is of non-class type 'int'
    if(find(tasks.begin(), tasks.end(), all_tasks[i]) != tasks.end()) missing_tasks.push_back(i);
                                                               ^
src/generations.cpp:78:47: error: request for member 'size' in 'tasks', which is of non-class type 'int'
    for (unsigned int j = resection; j < tasks.size(); j++){
                                               ^
src/generations.cpp:79:16: error: invalid types 'int[int]' for array subscript
     if (tasks[i] == tasks[j]){
                ^
src/generations.cpp:79:28: error: invalid types 'int[unsigned int]' for array subscript
     if (tasks[i] == tasks[j]){
                            ^
src/generations.cpp:86:46: error: request for member 'size' in 'tasks', which is of non-class type 'int'
   for (unsigned int i = resection; i < tasks.size(); i++){
                                              ^
src/generations.cpp:87:18: error: request for member 'begin' in 'tasks', which is of non-class type 'int'
    if(find(tasks.begin(), tasks.end(), all_tasks[i]) != tasks.end()) missing_tasks.push_back(i); 
                  ^
src/generations.cpp:87:33: error: request for member 'end' in 'tasks', which is of non-class type 'int'
    if(find(tasks.begin(), tasks.end(), all_tasks[i]) != tasks.end()) missing_tasks.push_back(i); 
                                 ^
src/generations.cpp:87:51: error: invalid types 'int[unsigned int]' for array subscript
    if(find(tasks.begin(), tasks.end(), all_tasks[i]) != tasks.end()) missing_tasks.push_back(i); 
                                                   ^
src/generations.cpp:87:63: error: request for member 'end' in 'tasks', which is of non-class type 'int'
    if(find(tasks.begin(), tasks.end(), all_tasks[i]) != tasks.end()) missing_tasks.push_back(i); 
                                                               ^
src/generations.cpp:91:23: error: invalid types 'int[__gnu_cxx::__alloc_traits<std::allocator<int> >::value_type {aka int}]' for array subscript
    tasks[duplicates[i]] = all_tasks[i];
                       ^
src/generations.cpp:91:38: error: invalid types 'int[unsigned int]' for array subscript
    tasks[duplicates[i]] = all_tasks[i];
                                      ^
src/generations.cpp: In member function 'bool Generations::crossing_over(int)':
src/generations.cpp:128:9: error: 'Task_t' was not declared in this scope
  vector<Task_t> tmp = previous_population[chromosome1_num].order->get_tasks(1);
         ^
src/generations.cpp:128:15: error: template argument 1 is invalid
  vector<Task_t> tmp = previous_population[chromosome1_num].order->get_tasks(1);
               ^
src/generations.cpp:128:15: error: template argument 2 is invalid
src/generations.cpp:128:21: error: invalid type in declaration before '=' token
  vector<Task_t> tmp = previous_population[chromosome1_num].order->get_tasks(1);
                     ^
src/generations.cpp:128:78: error: no matching function for call to 'Order::get_tasks(int)'
  vector<Task_t> tmp = previous_population[chromosome1_num].order->get_tasks(1);
                                                                              ^
src/generations.cpp:128:78: note: candidate is:
In file included from src/generations.h:4:0,
                 from src/generations.cpp:1:
src/order.h:19:16: note: std::vector<Task> Order::get_tasks()
   vector<Task> get_tasks();
                ^
src/order.h:19:16: note:   candidate expects 0 arguments, 1 provided
src/generations.cpp:129:31: error: request for member 'size' in 'tmp', which is of non-class type 'int'
  int resection_m1 = floor(tmp.size() * random_resection(gen)/100.0);
                               ^
src/generations.cpp:132:9: error: the value of 'Task_t' is not usable in a constant expression
  vector<Task_t> tasks_m1(&tmp[0], &tmp[resection_m1 - 1]);
         ^
src/generations.cpp:128:9: note: 'Task_t' was not declared 'constexpr'
  vector<Task_t> tmp = previous_population[chromosome1_num].order->get_tasks(1);
         ^
src/generations.cpp:132:15: error: type/value mismatch at argument 1 in template parameter list for 'template<class _Tp, class _Alloc> class std::vector'
  vector<Task_t> tasks_m1(&tmp[0], &tmp[resection_m1 - 1]);
               ^
src/generations.cpp:132:15: error:   expected a type, got 'Task_t'
src/generations.cpp:132:15: error: template argument 2 is invalid
src/generations.cpp:132:25: error: invalid type in declaration before '(' token
  vector<Task_t> tasks_m1(&tmp[0], &tmp[resection_m1 - 1]);
                         ^
src/generations.cpp:132:32: error: invalid types 'int[int]' for array subscript
  vector<Task_t> tasks_m1(&tmp[0], &tmp[resection_m1 - 1]);
                                ^
src/generations.cpp:132:56: error: invalid types 'int[int]' for array subscript
  vector<Task_t> tasks_m1(&tmp[0], &tmp[resection_m1 - 1]);
                                                        ^
src/generations.cpp:132:57: error: expression list treated as compound expression in initializer [-fpermissive]
  vector<Task_t> tasks_m1(&tmp[0], &tmp[resection_m1 - 1]);
                                                         ^
src/generations.cpp:133:9: error: the value of 'Task_t' is not usable in a constant expression
  vector<Task_t> tasks_m1_2(&tmp[resection_m1], &tmp[tmp.size() - 1]);
         ^
src/generations.cpp:128:9: note: 'Task_t' was not declared 'constexpr'
  vector<Task_t> tmp = previous_population[chromosome1_num].order->get_tasks(1);
         ^
src/generations.cpp:133:15: error: type/value mismatch at argument 1 in template parameter list for 'template<class _Tp, class _Alloc> class std::vector'
  vector<Task_t> tasks_m1_2(&tmp[resection_m1], &tmp[tmp.size() - 1]);
               ^
src/generations.cpp:133:15: error:   expected a type, got 'Task_t'
src/generations.cpp:133:15: error: template argument 2 is invalid
src/generations.cpp:133:27: error: invalid type in declaration before '(' token
  vector<Task_t> tasks_m1_2(&tmp[resection_m1], &tmp[tmp.size() - 1]);
                           ^
src/generations.cpp:133:45: error: invalid types 'int[int]' for array subscript
  vector<Task_t> tasks_m1_2(&tmp[resection_m1], &tmp[tmp.size() - 1]);
                                             ^
src/generations.cpp:133:57: error: request for member 'size' in 'tmp', which is of non-class type 'int'
  vector<Task_t> tasks_m1_2(&tmp[resection_m1], &tmp[tmp.size() - 1]);
                                                         ^
src/generations.cpp:133:68: error: expression list treated as compound expression in initializer [-fpermissive]
  vector<Task_t> tasks_m1_2(&tmp[resection_m1], &tmp[tmp.size() - 1]);
                                                                    ^
src/generations.cpp:134:11: error: request for member 'insert' in 'tasks_m1', which is of non-class type 'int'
  tasks_m1.insert(tasks_m1.end(), tasks_m1_2.begin(), tasks_m1_2.end());
           ^
src/generations.cpp:134:27: error: request for member 'end' in 'tasks_m1', which is of non-class type 'int'
  tasks_m1.insert(tasks_m1.end(), tasks_m1_2.begin(), tasks_m1_2.end());
                           ^
src/generations.cpp:134:45: error: request for member 'begin' in 'tasks_m1_2', which is of non-class type 'int'
  tasks_m1.insert(tasks_m1.end(), tasks_m1_2.begin(), tasks_m1_2.end());
                                             ^
src/generations.cpp:134:65: error: request for member 'end' in 'tasks_m1_2', which is of non-class type 'int'
  tasks_m1.insert(tasks_m1.end(), tasks_m1_2.begin(), tasks_m1_2.end());
                                                                 ^
src/generations.cpp:137:63: error: no matching function for call to 'Order::get_tasks(int)'
  tmp = previous_population[chromosome1_num].order->get_tasks(2);
                                                               ^
src/generations.cpp:137:63: note: candidate is:
In file included from src/generations.h:4:0,
                 from src/generations.cpp:1:
src/order.h:19:16: note: std::vector<Task> Order::get_tasks()
   vector<Task> get_tasks();
                ^
src/order.h:19:16: note:   candidate expects 0 arguments, 1 provided
src/generations.cpp:138:31: error: request for member 'size' in 'tmp', which is of non-class type 'int'
  int resection_m2 = floor(tmp.size() * random_resection(gen)/100.0);
                               ^
src/generations.cpp:141:9: error: the value of 'Task_t' is not usable in a constant expression
  vector<Task_t> tasks_m2(&tmp[0], &tmp[resection_m2 - 1]);
         ^
src/generations.cpp:128:9: note: 'Task_t' was not declared 'constexpr'
  vector<Task_t> tmp = previous_population[chromosome1_num].order->get_tasks(1);
         ^
src/generations.cpp:141:15: error: type/value mismatch at argument 1 in template parameter list for 'template<class _Tp, class _Alloc> class std::vector'
  vector<Task_t> tasks_m2(&tmp[0], &tmp[resection_m2 - 1]);
               ^
src/generations.cpp:141:15: error:   expected a type, got 'Task_t'
src/generations.cpp:141:15: error: template argument 2 is invalid
src/generations.cpp:141:25: error: invalid type in declaration before '(' token
  vector<Task_t> tasks_m2(&tmp[0], &tmp[resection_m2 - 1]);
                         ^
src/generations.cpp:141:32: error: invalid types 'int[int]' for array subscript
  vector<Task_t> tasks_m2(&tmp[0], &tmp[resection_m2 - 1]);
                                ^
src/generations.cpp:141:56: error: invalid types 'int[int]' for array subscript
  vector<Task_t> tasks_m2(&tmp[0], &tmp[resection_m2 - 1]);
                                                        ^
src/generations.cpp:141:57: error: expression list treated as compound expression in initializer [-fpermissive]
  vector<Task_t> tasks_m2(&tmp[0], &tmp[resection_m2 - 1]);
                                                         ^
src/generations.cpp:142:9: error: the value of 'Task_t' is not usable in a constant expression
  vector<Task_t> tasks_m2_2(&tmp[resection_m2], &tmp[tmp.size() - 1]);
         ^
src/generations.cpp:128:9: note: 'Task_t' was not declared 'constexpr'
  vector<Task_t> tmp = previous_population[chromosome1_num].order->get_tasks(1);
         ^
src/generations.cpp:142:15: error: type/value mismatch at argument 1 in template parameter list for 'template<class _Tp, class _Alloc> class std::vector'
  vector<Task_t> tasks_m2_2(&tmp[resection_m2], &tmp[tmp.size() - 1]);
               ^
src/generations.cpp:142:15: error:   expected a type, got 'Task_t'
src/generations.cpp:142:15: error: template argument 2 is invalid
src/generations.cpp:142:27: error: invalid type in declaration before '(' token
  vector<Task_t> tasks_m2_2(&tmp[resection_m2], &tmp[tmp.size() - 1]);
                           ^
src/generations.cpp:142:45: error: invalid types 'int[int]' for array subscript
  vector<Task_t> tasks_m2_2(&tmp[resection_m2], &tmp[tmp.size() - 1]);
                                             ^
src/generations.cpp:142:57: error: request for member 'size' in 'tmp', which is of non-class type 'int'
  vector<Task_t> tasks_m2_2(&tmp[resection_m2], &tmp[tmp.size() - 1]);
                                                         ^
src/generations.cpp:142:68: error: expression list treated as compound expression in initializer [-fpermissive]
  vector<Task_t> tasks_m2_2(&tmp[resection_m2], &tmp[tmp.size() - 1]);
                                                                    ^
src/generations.cpp:143:11: error: request for member 'insert' in 'tasks_m2', which is of non-class type 'int'
  tasks_m2.insert(tasks_m2.end(), tasks_m2_2.begin(), tasks_m2_2.end());
           ^
src/generations.cpp:143:27: error: request for member 'end' in 'tasks_m2', which is of non-class type 'int'
  tasks_m2.insert(tasks_m2.end(), tasks_m2_2.begin(), tasks_m2_2.end());
                           ^
src/generations.cpp:143:45: error: request for member 'begin' in 'tasks_m2_2', which is of non-class type 'int'
  tasks_m2.insert(tasks_m2.end(), tasks_m2_2.begin(), tasks_m2_2.end());
                                             ^
src/generations.cpp:143:65: error: request for member 'end' in 'tasks_m2_2', which is of non-class type 'int'
  tasks_m2.insert(tasks_m2.end(), tasks_m2_2.begin(), tasks_m2_2.end());
                                                                 ^
src/generations.cpp:148:75: error: no matching function for call to 'Order::Order(int&, int&, std::vector<Maitenance>&)'
  new_chromosome->order = new Order(tasks_m1, tasks_m2, this->maintanance_v);
                                                                           ^
src/generations.cpp:148:75: note: candidates are:
In file included from src/generations.h:4:0,
                 from src/generations.cpp:1:
src/order.h:16:3: note: Order::Order(std::vector<Task>, std::vector<Maitenance>)
   Order(vector<Task>, vector<Maitenance>);
   ^
src/order.h:16:3: note:   candidate expects 2 arguments, 3 provided
src/order.h:11:7: note: Order::Order(const Order&)
 class Order{
       ^
src/order.h:11:7: note:   candidate expects 1 argument, 3 provided
src/order.h:11:7: note: Order::Order(Order&&)
src/order.h:11:7: note:   candidate expects 1 argument, 3 provided
src/generations.cpp: In member function 'void Generations::mutate(int)':
src/generations.cpp:159:9: error: 'Task_t' was not declared in this scope
  vector<Task_t> tasks_m1 = population[chromosome_id].order->get_tasks(1);
         ^
src/generations.cpp:159:15: error: template argument 1 is invalid
  vector<Task_t> tasks_m1 = population[chromosome_id].order->get_tasks(1);
               ^
src/generations.cpp:159:15: error: template argument 2 is invalid
src/generations.cpp:159:26: error: invalid type in declaration before '=' token
  vector<Task_t> tasks_m1 = population[chromosome_id].order->get_tasks(1);
                          ^
src/generations.cpp:159:72: error: no matching function for call to 'Order::get_tasks(int)'
  vector<Task_t> tasks_m1 = population[chromosome_id].order->get_tasks(1);
                                                                        ^
src/generations.cpp:159:72: note: candidate is:
In file included from src/generations.h:4:0,
                 from src/generations.cpp:1:
src/order.h:19:16: note: std::vector<Task> Order::get_tasks()
   vector<Task> get_tasks();
                ^
src/order.h:19:16: note:   candidate expects 0 arguments, 1 provided
src/generations.cpp:160:59: error: request for member 'size' in 'tasks_m1', which is of non-class type 'int'
  uniform_int_distribution<int> random_task_m1(0, tasks_m1.size() - 1);
                                                           ^
src/generations.cpp:161:9: error: the value of 'Task_t' is not usable in a constant expression
  vector<Task_t> tasks_m2 = population[chromosome_id].order->get_tasks(2);
         ^
src/generations.cpp:159:9: note: 'Task_t' was not declared 'constexpr'
  vector<Task_t> tasks_m1 = population[chromosome_id].order->get_tasks(1);
         ^
src/generations.cpp:161:15: error: type/value mismatch at argument 1 in template parameter list for 'template<class _Tp, class _Alloc> class std::vector'
  vector<Task_t> tasks_m2 = population[chromosome_id].order->get_tasks(2);
               ^
src/generations.cpp:161:15: error:   expected a type, got 'Task_t'
src/generations.cpp:161:15: error: template argument 2 is invalid
src/generations.cpp:161:26: error: invalid type in declaration before '=' token
  vector<Task_t> tasks_m2 = population[chromosome_id].order->get_tasks(2);
                          ^
src/generations.cpp:161:72: error: no matching function for call to 'Order::get_tasks(int)'
  vector<Task_t> tasks_m2 = population[chromosome_id].order->get_tasks(2);
                                                                        ^
src/generations.cpp:161:72: note: candidate is:
In file included from src/generations.h:4:0,
                 from src/generations.cpp:1:
src/order.h:19:16: note: std::vector<Task> Order::get_tasks()
   vector<Task> get_tasks();
                ^
src/order.h:19:16: note:   candidate expects 0 arguments, 1 provided
src/generations.cpp:162:59: error: request for member 'size' in 'tasks_m2', which is of non-class type 'int'
  uniform_int_distribution<int> random_task_m2(0, tasks_m2.size() - 1);
                                                           ^
src/generations.cpp:170:21: error: request for member 'begin' in 'tasks_m1', which is of non-class type 'int'
  iter_swap(tasks_m1.begin() + task_m1[0], tasks_m1.begin() + task_m1[1]);
                     ^
src/generations.cpp:170:52: error: request for member 'begin' in 'tasks_m1', which is of non-class type 'int'
  iter_swap(tasks_m1.begin() + task_m1[0], tasks_m1.begin() + task_m1[1]);
                                                    ^
src/generations.cpp:170:72: error: 'iter_swap' was not declared in this scope
  iter_swap(tasks_m1.begin() + task_m1[0], tasks_m1.begin() + task_m1[1]);
                                                                        ^
src/generations.cpp:170:72: note: suggested alternative:
In file included from c:\mingw\lib\gcc\mingw32\4.9.3\include\c++\vector:60:0,
                 from src/machine.h:6,
                 from src/order.h:4,
                 from src/generations.h:4,
                 from src/generations.cpp:1:
c:\mingw\lib\gcc\mingw32\4.9.3\include\c++\bits\stl_algobase.h:120:5: note:   'std::iter_swap'
     iter_swap(_ForwardIterator1 __a, _ForwardIterator2 __b)
     ^
src/generations.cpp:171:21: error: request for member 'begin' in 'tasks_m2', which is of non-class type 'int'
  iter_swap(tasks_m2.begin() + task_m2[0], tasks_m2.begin() + task_m2[1]);
                     ^
src/generations.cpp:171:52: error: request for member 'begin' in 'tasks_m2', which is of non-class type 'int'
  iter_swap(tasks_m2.begin() + task_m2[0], tasks_m2.begin() + task_m2[1]);
                                                    ^
src/generations.cpp:174:75: error: no matching function for call to 'Order::Order(int&, int&, std::vector<Maitenance>&)'
  new_chromosome->order = new Order(tasks_m1, tasks_m2, this->maintanance_v);
                                                                           ^
src/generations.cpp:174:75: note: candidates are:
In file included from src/generations.h:4:0,
                 from src/generations.cpp:1:
src/order.h:16:3: note: Order::Order(std::vector<Task>, std::vector<Maitenance>)
   Order(vector<Task>, vector<Maitenance>);
   ^
src/order.h:16:3: note:   candidate expects 2 arguments, 3 provided
src/order.h:11:7: note: Order::Order(const Order&)
 class Order{
       ^
src/order.h:11:7: note:   candidate expects 1 argument, 3 provided
src/order.h:11:7: note: Order::Order(Order&&)
src/order.h:11:7: note:   candidate expects 1 argument, 3 provided
src/generations.cpp: In member function 'void Generations::dump_generation(std::string)':
src/generations.cpp:209:11: error: 'Task_t' was not declared in this scope
   vector <Task_t> t;
           ^
src/generations.cpp:209:17: error: template argument 1 is invalid
   vector <Task_t> t;
                 ^
src/generations.cpp:209:17: error: template argument 2 is invalid
src/generations.cpp:209:20: error: invalid type in declaration before ';' token
   vector <Task_t> t;
                    ^
src/generations.cpp:210:39: error: no matching function for call to 'Order::get_tasks(int)'
   t = population[0].order->get_tasks(1);
                                       ^
src/generations.cpp:210:39: note: candidate is:
In file included from src/generations.h:4:0,
                 from src/generations.cpp:1:
src/order.h:19:16: note: std::vector<Task> Order::get_tasks()
   vector<Task> get_tasks();
                ^
src/order.h:19:16: note:   candidate expects 0 arguments, 1 provided
src/generations.cpp:211:24: error: request for member 'size' in 't', which is of non-class type 'int'
   for(int i = 0; i < t.size(); i++){
                        ^
src/generations.cpp:212:15: error: invalid types 'int[int]' for array subscript
    dump << t[i] << ',';
               ^
src/generations.cpp:215:39: error: no matching function for call to 'Order::get_tasks(int)'
   t = population[0].order->get_tasks(2);
                                       ^
src/generations.cpp:215:39: note: candidate is:
In file included from src/generations.h:4:0,
                 from src/generations.cpp:1:
src/order.h:19:16: note: std::vector<Task> Order::get_tasks()
   vector<Task> get_tasks();
                ^
src/order.h:19:16: note:   candidate expects 0 arguments, 1 provided
src/generations.cpp:216:24: error: request for member 'size' in 't', which is of non-class type 'int'
   for(int i = 0; i < t.size(); i++){
                        ^
src/generations.cpp:217:15: error: invalid types 'int[int]' for array subscript
    dump << t[i] << ',';
               ^
